2023-11-02 10:47:46.241 [info] Extension host with pid 51391 started
2023-11-02 10:47:46.264 [info] ExtensionService#_doActivateExtension vscode.git-base, startup: true, activationEvent: '*', root cause: vscode.git
2023-11-02 10:47:46.273 [info] ExtensionService#_doActivateExtension vscode.git, startup: true, activationEvent: '*'
2023-11-02 10:47:46.295 [info] ExtensionService#_doActivateExtension vscode.github, startup: true, activationEvent: '*'
2023-11-02 10:47:46.326 [info] ExtensionService#_doActivateExtension vscode.github-authentication, startup: false, activationEvent: 'onAuthenticationRequest:github'
2023-11-02 10:47:46.355 [info] Eager extensions activated
2023-11-02 10:47:46.365 [info] ExtensionService#_doActivateExtension vscode.debug-auto-launch, startup: false, activationEvent: 'onStartupFinished'
2023-11-02 10:47:46.368 [info] ExtensionService#_doActivateExtension vscode.merge-conflict, startup: false, activationEvent: 'onStartupFinished'
2023-11-02 10:47:48.460 [info] ExtensionService#_doActivateExtension vscode.json-language-features, startup: false, activationEvent: 'onLanguage:jsonc'
2023-11-02 10:47:48.538 [info] ExtensionService#_doActivateExtension vscode.typescript-language-features, startup: false, activationEvent: 'onLanguage:jsonc'
2023-11-02 10:47:48.606 [info] ExtensionService#_doActivateExtension vscode.emmet, startup: false, activationEvent: 'onLanguage'
2023-11-02 10:47:59.677 [info] ExtensionService#_doActivateExtension vscode.microsoft-authentication, startup: false, activationEvent: 'onAuthenticationRequest:microsoft'
2023-11-02 10:49:47.025 [info] ExtensionService#_doActivateExtension albert.TabOut, startup: false, activationEvent: '*'
2023-11-02 10:49:47.029 [info] ExtensionService#_doActivateExtension unthrottled.doki-theme, startup: false, activationEvent: 'onStartupFinished'
2023-11-02 10:49:47.070 [info] ExtensionService#_doActivateExtension figma.figma-vscode-extension, startup: false, activationEvent: 'onStartupFinished'
2023-11-02 10:49:47.238 [info] ExtensionService#_doActivateExtension felipecaputo.git-project-manager, startup: false, activationEvent: 'onStartupFinished'
2023-11-02 10:49:47.283 [info] ExtensionService#_doActivateExtension christian-kohler.path-intellisense, startup: false, activationEvent: '*'
2023-11-02 10:49:47.298 [info] ExtensionService#_doActivateExtension monokai.theme-monokai-pro-vscode, startup: false, activationEvent: 'onStartupFinished'
2023-11-02 10:49:47.306 [info] ExtensionService#_doActivateExtension mhutchie.git-graph, startup: false, activationEvent: '*'
2023-11-02 10:49:47.327 [info] ExtensionService#_doActivateExtension ms-vscode.sublime-keybindings, startup: false, activationEvent: '*'
2023-11-02 10:49:47.329 [info] ExtensionService#_doActivateExtension esbenp.prettier-vscode, startup: false, activationEvent: 'onStartupFinished'
2023-11-02 10:49:47.420 [info] ExtensionService#_doActivateExtension kisstkondoros.vscode-gutter-preview, startup: false, activationEvent: '*'
2023-11-02 10:49:47.462 [info] ExtensionService#_doActivateExtension rvest.vs-code-prettier-eslint, startup: false, activationEvent: 'onLanguage:jsonc'
2023-11-02 10:49:47.599 [info] ExtensionService#_doActivateExtension iocave.monkey-patch, startup: false, activationEvent: '*'
2023-11-02 10:49:47.607 [info] ExtensionService#_doActivateExtension EditorConfig.EditorConfig, startup: false, activationEvent: '*'
2023-11-02 10:49:47.623 [info] ExtensionService#_doActivateExtension hoovercj.vscode-settings-cycler, startup: false, activationEvent: '*'
2023-11-02 10:49:47.627 [info] ExtensionService#_doActivateExtension Gruntfuggly.todo-tree, startup: false, activationEvent: 'onStartupFinished'
2023-11-02 10:49:47.668 [info] ExtensionService#_doActivateExtension bradlc.vscode-tailwindcss, startup: false, activationEvent: 'onStartupFinished'
2023-11-02 10:49:47.710 [info] ExtensionService#_doActivateExtension zhuangtongfa.material-theme, startup: false, activationEvent: 'onStartupFinished'
2023-11-02 10:49:47.725 [info] ExtensionService#_doActivateExtension be5invis.vscode-custom-css, startup: false, activationEvent: '*'
2023-11-02 10:49:49.027 [info] ExtensionService#_doActivateExtension vincaslt.highlight-matching-tag, startup: false, activationEvent: '*'
2023-11-02 10:49:49.036 [info] ExtensionService#_doActivateExtension usernamehw.errorlens, startup: false, activationEvent: 'onStartupFinished'
2023-11-02 10:49:49.043 [info] ExtensionService#_doActivateExtension shardulm94.trailing-spaces, startup: false, activationEvent: 'onStartupFinished'
2023-11-02 10:49:49.070 [info] ExtensionService#_doActivateExtension ms-vscode-remote.remote-wsl, startup: false, activationEvent: 'onStartupFinished'
2023-11-02 10:49:49.141 [info] ExtensionService#_doActivateExtension ms-vscode-remote.remote-containers, startup: false, activationEvent: 'onStartupFinished'
2023-11-02 10:49:49.264 [info] ExtensionService#_doActivateExtension GitLab.gitlab-workflow, startup: false, activationEvent: 'onStartupFinished'
2023-11-02 10:49:49.425 [info] ExtensionService#_doActivateExtension Equinusocio.vsc-material-theme, startup: false, activationEvent: 'onStartupFinished'
2023-11-02 10:49:49.432 [info] ExtensionService#_doActivateExtension PrimaFuture.open-php-html-js-in-browser, startup: false, activationEvent: '*'
2023-11-02 10:49:49.452 [info] ExtensionService#_doActivateExtension wayou.vscode-todo-highlight, startup: false, activationEvent: '*'
2023-11-02 10:49:49.454 [info] ExtensionService#_doActivateExtension standard.vscode-standard, startup: false, activationEvent: '*'
2023-11-02 10:49:49.546 [info] ExtensionService#_doActivateExtension Yummygum.city-lights-icon-vsc, startup: false, activationEvent: '*'
2023-11-02 10:49:49.576 [info] ExtensionService#_doActivateExtension equinusocio.vsc-material-theme-icons, startup: false, activationEvent: 'onStartupFinished'
2023-11-02 10:49:49.600 [info] ExtensionService#_doActivateExtension ritwickdey.LiveServer, startup: false, activationEvent: 'onStartupFinished'
2023-11-02 10:49:49.610 [info] ExtensionService#_doActivateExtension PKief.material-icon-theme, startup: false, activationEvent: 'onStartupFinished'
2023-11-02 10:49:49.623 [info] ExtensionService#_doActivateExtension waderyan.gitblame, startup: false, activationEvent: 'onStartupFinished'
2023-11-02 10:49:49.626 [info] ExtensionService#_doActivateExtension PsykoSoldi3r.vscode-git-flow, startup: false, activationEvent: '*'
2023-11-02 10:49:49.631 [info] ExtensionService#_doActivateExtension Catppuccin.catppuccin-vsc, startup: false, activationEvent: 'onStartupFinished'
2023-11-02 10:49:49.635 [info] ExtensionService#_doActivateExtension johnpapa.vscode-peacock, startup: false, activationEvent: '*'
2023-11-02 10:49:49.643 [info] ExtensionService#_doActivateExtension helloCodePublisher.hellocode, startup: false, activationEvent: '*'
2023-11-02 10:49:49.644 [info] ExtensionService#_doActivateExtension formulahendry.auto-close-tag, startup: false, activationEvent: '*'
2023-11-02 10:49:49.646 [info] ExtensionService#_doActivateExtension formulahendry.auto-rename-tag, startup: false, activationEvent: '*'
2023-11-02 10:49:49.672 [info] ExtensionService#_doActivateExtension aaron-bond.better-comments, startup: false, activationEvent: 'onStartupFinished'
2023-11-02 10:49:49.677 [info] ExtensionService#_doActivateExtension dbaeumer.vscode-eslint, startup: false, activationEvent: 'onStartupFinished'
2023-11-02 10:49:49.707 [info] ExtensionService#_doActivateExtension dsznajder.es7-react-js-snippets, startup: false, activationEvent: 'onStartupFinished'
2023-11-02 10:49:50.267 [info] ExtensionService#_doActivateExtension naumovs.color-highlight, startup: false, activationEvent: '*'
2023-11-02 10:49:50.277 [info] ExtensionService#_doActivateExtension eamodio.gitlens, startup: false, activationEvent: 'onStartupFinished'
2023-11-02 10:49:50.382 [info] ExtensionService#_doActivateExtension ms-vscode.live-server, startup: false, activationEvent: 'onStartupFinished', root cause: ryanluker.vscode-coverage-gutters
2023-11-02 10:49:50.433 [info] ExtensionService#_doActivateExtension miguelsolorio.symbols, startup: false, activationEvent: 'onStartupFinished'
2023-11-02 10:49:50.442 [info] ExtensionService#_doActivateExtension helgardrichard.helium-icon-theme, startup: false, activationEvent: '*'
2023-11-02 10:49:50.455 [info] ExtensionService#_doActivateExtension eppz.eppz-code, startup: false, activationEvent: '*'
2023-11-02 10:49:50.592 [info] ExtensionService#_doActivateExtension oderwat.indent-rainbow, startup: false, activationEvent: '*'
2023-11-02 10:49:50.593 [info] ExtensionService#_doActivateExtension vscode-icons-team.vscode-icons, startup: false, activationEvent: 'onStartupFinished'
2023-11-02 10:49:51.922 [info] ExtensionService#_doActivateExtension ms-vsliveshare.vsliveshare, startup: false, activationEvent: 'api', root cause: ritwickdey.LiveServer
2023-11-02 10:49:52.270 [info] ExtensionService#_doActivateExtension ryanluker.vscode-coverage-gutters, startup: false, activationEvent: 'onStartupFinished'
2023-11-02 11:02:01.638 [warning] vscode.json-language-features - Code actions of kind 'source.fixAll.eslint 'requested but returned code action is of kind 'source.sort.json'. Code action will be dropped. Please check 'CodeActionContext.only' to only return requested code actions.
2023-11-02 11:02:01.908 [warning] vscode.json-language-features - Code actions of kind 'source.addMissingImports 'requested but returned code action is of kind 'source.sort.json'. Code action will be dropped. Please check 'CodeActionContext.only' to only return requested code actions.
2023-11-02 11:02:03.980 [info] Extension host terminating: renderer closed the MessagePort
2023-11-02 11:02:04.029 [error] An error occurred when deactivating the subscriptions for extension 'Gruntfuggly.todo-tree':
2023-11-02 11:02:04.030 [error] AggregateError: Encountered errors while disposing of store
    at o (/snap/code/144/usr/share/code/resources/app/out/vs/workbench/api/node/extensionHostProcess.js:30:830)
    at h.cb (/snap/code/144/usr/share/code/resources/app/out/vs/workbench/api/node/extensionHostProcess.js:136:9843)
    at /snap/code/144/usr/share/code/resources/app/out/vs/workbench/api/node/extensionHostProcess.js:136:7793
    at Array.map (<anonymous>)
    at h.Y (/snap/code/144/usr/share/code/resources/app/out/vs/workbench/api/node/extensionHostProcess.js:136:7781)
    at h.terminate (/snap/code/144/usr/share/code/resources/app/out/vs/workbench/api/node/extensionHostProcess.js:136:8051)
    at o.terminate (/snap/code/144/usr/share/code/resources/app/out/vs/workbench/api/node/extensionHostProcess.js:140:1513)
    at a (/snap/code/144/usr/share/code/resources/app/out/vs/workbench/api/node/extensionHostProcess.js:153:9817)
    at MessagePortMain.<anonymous> (/snap/code/144/usr/share/code/resources/app/out/vs/workbench/api/node/extensionHostProcess.js:153:6242)
    at MessagePortMain.emit (node:events:513:28)
    at MessagePortMain.emit (node:domain:489:12)
    at Object.MessagePortMain._internalPort.emit (node:electron/js2c/utility_init:2:367)
2023-11-02 11:02:04.061 [error] Canceled: Canceled
    at new f (/snap/code/144/usr/share/code/resources/app/out/vs/workbench/api/node/extensionHostProcess.js:125:108614)
    at n.U (/snap/code/144/usr/share/code/resources/app/out/vs/workbench/api/node/extensionHostProcess.js:134:10873)
    at Proxy.F.<computed>.z.charCodeAt.F.<computed> (/snap/code/144/usr/share/code/resources/app/out/vs/workbench/api/node/extensionHostProcess.js:134:8315)
    at i.g (/snap/code/144/usr/share/code/resources/app/out/vs/workbench/api/node/extensionHostProcess.js:125:139130)
    at i.executeCommand (/snap/code/144/usr/share/code/resources/app/out/vs/workbench/api/node/extensionHostProcess.js:125:138568)
    at $.registerCommand.description (/snap/code/144/usr/share/code/resources/app/out/vs/workbench/api/node/extensionHostProcess.js:125:137892)
    at i.h (/snap/code/144/usr/share/code/resources/app/out/vs/workbench/api/node/extensionHostProcess.js:125:139669)
    at i.g (/snap/code/144/usr/share/code/resources/app/out/vs/workbench/api/node/extensionHostProcess.js:125:138661)
    at i.executeCommand (/snap/code/144/usr/share/code/resources/app/out/vs/workbench/api/node/extensionHostProcess.js:125:138568)
    at Object.executeCommand (/snap/code/144/usr/share/code/resources/app/out/vs/workbench/api/node/extensionHostProcess.js:140:21329)
    at g (/home/felps/.vscode/extensions/eamodio.gitlens-14.2.0/dist/gitlens.js:1:956181)
    at c (/home/felps/.vscode/extensions/eamodio.gitlens-14.2.0/dist/gitlens.js:1:960809)
    at ActionRunners._updateContextKeys (/home/felps/.vscode/extensions/eamodio.gitlens-14.2.0/dist/gitlens.js:1:38231)
    at s (/home/felps/.vscode/extensions/eamodio.gitlens-14.2.0/dist/gitlens.js:1:36650)
    at RegisteredActionRunner.unregister (/home/felps/.vscode/extensions/eamodio.gitlens-14.2.0/dist/gitlens.js:1:36794)
    at RegisteredActionRunner.dispose (/home/felps/.vscode/extensions/eamodio.gitlens-14.2.0/dist/gitlens.js:1:35457)
    at ActionRunners.dispose (/home/felps/.vscode/extensions/eamodio.gitlens-14.2.0/dist/gitlens.js:1:36236)
    at /home/felps/.vscode/extensions/eamodio.gitlens-14.2.0/dist/gitlens.js:1:678760
    at Array.forEach (<anonymous>)
    at Object.dispose (/home/felps/.vscode/extensions/eamodio.gitlens-14.2.0/dist/gitlens.js:1:678745)
    at o (/snap/code/144/usr/share/code/resources/app/out/vs/workbench/api/node/extensionHostProcess.js:30:754)
    at h.cb (/snap/code/144/usr/share/code/resources/app/out/vs/workbench/api/node/extensionHostProcess.js:136:9843)
    at /snap/code/144/usr/share/code/resources/app/out/vs/workbench/api/node/extensionHostProcess.js:136:7793
    at Array.map (<anonymous>)
    at h.Y (/snap/code/144/usr/share/code/resources/app/out/vs/workbench/api/node/extensionHostProcess.js:136:7781)
    at h.terminate (/snap/code/144/usr/share/code/resources/app/out/vs/workbench/api/node/extensionHostProcess.js:136:8051)
    at o.terminate (/snap/code/144/usr/share/code/resources/app/out/vs/workbench/api/node/extensionHostProcess.js:140:1513)
    at a (/snap/code/144/usr/share/code/resources/app/out/vs/workbench/api/node/extensionHostProcess.js:153:9817)
    at MessagePortMain.<anonymous> (/snap/code/144/usr/share/code/resources/app/out/vs/workbench/api/node/extensionHostProcess.js:153:6242)
    at MessagePortMain.emit (node:events:513:28)
    at MessagePortMain.emit (node:domain:489:12)
    at Object.MessagePortMain._internalPort.emit (node:electron/js2c/utility_init:2:367) setContext undefined
2023-11-02 11:02:04.062 [error] Canceled: Canceled
    at new f (/snap/code/144/usr/share/code/resources/app/out/vs/workbench/api/node/extensionHostProcess.js:125:108614)
    at n.U (/snap/code/144/usr/share/code/resources/app/out/vs/workbench/api/node/extensionHostProcess.js:134:10873)
    at Proxy.F.<computed>.z.charCodeAt.F.<computed> (/snap/code/144/usr/share/code/resources/app/out/vs/workbench/api/node/extensionHostProcess.js:134:8315)
    at i.g (/snap/code/144/usr/share/code/resources/app/out/vs/workbench/api/node/extensionHostProcess.js:125:139130)
    at i.executeCommand (/snap/code/144/usr/share/code/resources/app/out/vs/workbench/api/node/extensionHostProcess.js:125:138568)
    at $.registerCommand.description (/snap/code/144/usr/share/code/resources/app/out/vs/workbench/api/node/extensionHostProcess.js:125:137892)
    at i.h (/snap/code/144/usr/share/code/resources/app/out/vs/workbench/api/node/extensionHostProcess.js:125:139669)
    at i.g (/snap/code/144/usr/share/code/resources/app/out/vs/workbench/api/node/extensionHostProcess.js:125:138661)
    at i.executeCommand (/snap/code/144/usr/share/code/resources/app/out/vs/workbench/api/node/extensionHostProcess.js:125:138568)
    at Object.executeCommand (/snap/code/144/usr/share/code/resources/app/out/vs/workbench/api/node/extensionHostProcess.js:140:21329)
    at g (/home/felps/.vscode/extensions/eamodio.gitlens-14.2.0/dist/gitlens.js:1:956181)
    at c (/home/felps/.vscode/extensions/eamodio.gitlens-14.2.0/dist/gitlens.js:1:960809)
    at ActionRunners._updateContextKeys (/home/felps/.vscode/extensions/eamodio.gitlens-14.2.0/dist/gitlens.js:1:38231)
    at s (/home/felps/.vscode/extensions/eamodio.gitlens-14.2.0/dist/gitlens.js:1:36650)
    at RegisteredActionRunner.unregister (/home/felps/.vscode/extensions/eamodio.gitlens-14.2.0/dist/gitlens.js:1:36794)
    at RegisteredActionRunner.dispose (/home/felps/.vscode/extensions/eamodio.gitlens-14.2.0/dist/gitlens.js:1:35457)
    at ActionRunners.dispose (/home/felps/.vscode/extensions/eamodio.gitlens-14.2.0/dist/gitlens.js:1:36236)
    at /home/felps/.vscode/extensions/eamodio.gitlens-14.2.0/dist/gitlens.js:1:678760
    at Array.forEach (<anonymous>)
    at Object.dispose (/home/felps/.vscode/extensions/eamodio.gitlens-14.2.0/dist/gitlens.js:1:678745)
    at o (/snap/code/144/usr/share/code/resources/app/out/vs/workbench/api/node/extensionHostProcess.js:30:754)
    at h.cb (/snap/code/144/usr/share/code/resources/app/out/vs/workbench/api/node/extensionHostProcess.js:136:9843)
    at /snap/code/144/usr/share/code/resources/app/out/vs/workbench/api/node/extensionHostProcess.js:136:7793
    at Array.map (<anonymous>)
    at h.Y (/snap/code/144/usr/share/code/resources/app/out/vs/workbench/api/node/extensionHostProcess.js:136:7781)
    at h.terminate (/snap/code/144/usr/share/code/resources/app/out/vs/workbench/api/node/extensionHostProcess.js:136:8051)
    at o.terminate (/snap/code/144/usr/share/code/resources/app/out/vs/workbench/api/node/extensionHostProcess.js:140:1513)
    at a (/snap/code/144/usr/share/code/resources/app/out/vs/workbench/api/node/extensionHostProcess.js:153:9817)
    at MessagePortMain.<anonymous> (/snap/code/144/usr/share/code/resources/app/out/vs/workbench/api/node/extensionHostProcess.js:153:6242)
    at MessagePortMain.emit (node:events:513:28)
    at MessagePortMain.emit (node:domain:489:12)
    at Object.MessagePortMain._internalPort.emit (node:electron/js2c/utility_init:2:367) setContext undefined
2023-11-02 11:02:04.063 [error] Canceled: Canceled
    at new f (/snap/code/144/usr/share/code/resources/app/out/vs/workbench/api/node/extensionHostProcess.js:125:108614)
    at n.U (/snap/code/144/usr/share/code/resources/app/out/vs/workbench/api/node/extensionHostProcess.js:134:10873)
    at Proxy.F.<computed>.z.charCodeAt.F.<computed> (/snap/code/144/usr/share/code/resources/app/out/vs/workbench/api/node/extensionHostProcess.js:134:8315)
    at i.g (/snap/code/144/usr/share/code/resources/app/out/vs/workbench/api/node/extensionHostProcess.js:125:139130)
    at i.executeCommand (/snap/code/144/usr/share/code/resources/app/out/vs/workbench/api/node/extensionHostProcess.js:125:138568)
    at $.registerCommand.description (/snap/code/144/usr/share/code/resources/app/out/vs/workbench/api/node/extensionHostProcess.js:125:137892)
    at i.h (/snap/code/144/usr/share/code/resources/app/out/vs/workbench/api/node/extensionHostProcess.js:125:139669)
    at i.g (/snap/code/144/usr/share/code/resources/app/out/vs/workbench/api/node/extensionHostProcess.js:125:138661)
    at i.executeCommand (/snap/code/144/usr/share/code/resources/app/out/vs/workbench/api/node/extensionHostProcess.js:125:138568)
    at Object.executeCommand (/snap/code/144/usr/share/code/resources/app/out/vs/workbench/api/node/extensionHostProcess.js:140:21329)
    at g (/home/felps/.vscode/extensions/eamodio.gitlens-14.2.0/dist/gitlens.js:1:956181)
    at c (/home/felps/.vscode/extensions/eamodio.gitlens-14.2.0/dist/gitlens.js:1:960809)
    at ActionRunners._updateContextKeys (/home/felps/.vscode/extensions/eamodio.gitlens-14.2.0/dist/gitlens.js:1:38231)
    at s (/home/felps/.vscode/extensions/eamodio.gitlens-14.2.0/dist/gitlens.js:1:36650)
    at RegisteredActionRunner.unregister (/home/felps/.vscode/extensions/eamodio.gitlens-14.2.0/dist/gitlens.js:1:36794)
    at RegisteredActionRunner.dispose (/home/felps/.vscode/extensions/eamodio.gitlens-14.2.0/dist/gitlens.js:1:35457)
    at ActionRunners.dispose (/home/felps/.vscode/extensions/eamodio.gitlens-14.2.0/dist/gitlens.js:1:36236)
    at /home/felps/.vscode/extensions/eamodio.gitlens-14.2.0/dist/gitlens.js:1:678760
    at Array.forEach (<anonymous>)
    at Object.dispose (/home/felps/.vscode/extensions/eamodio.gitlens-14.2.0/dist/gitlens.js:1:678745)
    at o (/snap/code/144/usr/share/code/resources/app/out/vs/workbench/api/node/extensionHostProcess.js:30:754)
    at h.cb (/snap/code/144/usr/share/code/resources/app/out/vs/workbench/api/node/extensionHostProcess.js:136:9843)
    at /snap/code/144/usr/share/code/resources/app/out/vs/workbench/api/node/extensionHostProcess.js:136:7793
    at Array.map (<anonymous>)
    at h.Y (/snap/code/144/usr/share/code/resources/app/out/vs/workbench/api/node/extensionHostProcess.js:136:7781)
    at h.terminate (/snap/code/144/usr/share/code/resources/app/out/vs/workbench/api/node/extensionHostProcess.js:136:8051)
    at o.terminate (/snap/code/144/usr/share/code/resources/app/out/vs/workbench/api/node/extensionHostProcess.js:140:1513)
    at a (/snap/code/144/usr/share/code/resources/app/out/vs/workbench/api/node/extensionHostProcess.js:153:9817)
    at MessagePortMain.<anonymous> (/snap/code/144/usr/share/code/resources/app/out/vs/workbench/api/node/extensionHostProcess.js:153:6242)
    at MessagePortMain.emit (node:events:513:28)
    at MessagePortMain.emit (node:domain:489:12)
    at Object.MessagePortMain._internalPort.emit (node:electron/js2c/utility_init:2:367) setContext undefined
2023-11-02 11:02:04.064 [error] Canceled: Canceled
    at new f (/snap/code/144/usr/share/code/resources/app/out/vs/workbench/api/node/extensionHostProcess.js:125:108614)
    at n.U (/snap/code/144/usr/share/code/resources/app/out/vs/workbench/api/node/extensionHostProcess.js:134:10873)
    at Proxy.F.<computed>.z.charCodeAt.F.<computed> (/snap/code/144/usr/share/code/resources/app/out/vs/workbench/api/node/extensionHostProcess.js:134:8315)
    at i.g (/snap/code/144/usr/share/code/resources/app/out/vs/workbench/api/node/extensionHostProcess.js:125:139130)
    at i.executeCommand (/snap/code/144/usr/share/code/resources/app/out/vs/workbench/api/node/extensionHostProcess.js:125:138568)
    at $.registerCommand.description (/snap/code/144/usr/share/code/resources/app/out/vs/workbench/api/node/extensionHostProcess.js:125:137892)
    at i.h (/snap/code/144/usr/share/code/resources/app/out/vs/workbench/api/node/extensionHostProcess.js:125:139669)
    at i.g (/snap/code/144/usr/share/code/resources/app/out/vs/workbench/api/node/extensionHostProcess.js:125:138661)
    at i.executeCommand (/snap/code/144/usr/share/code/resources/app/out/vs/workbench/api/node/extensionHostProcess.js:125:138568)
    at Object.executeCommand (/snap/code/144/usr/share/code/resources/app/out/vs/workbench/api/node/extensionHostProcess.js:140:21329)
    at g (/home/felps/.vscode/extensions/eamodio.gitlens-14.2.0/dist/gitlens.js:1:956181)
    at c (/home/felps/.vscode/extensions/eamodio.gitlens-14.2.0/dist/gitlens.js:1:960809)
    at ActionRunners._updateContextKeys (/home/felps/.vscode/extensions/eamodio.gitlens-14.2.0/dist/gitlens.js:1:38231)
    at s (/home/felps/.vscode/extensions/eamodio.gitlens-14.2.0/dist/gitlens.js:1:36650)
    at RegisteredActionRunner.unregister (/home/felps/.vscode/extensions/eamodio.gitlens-14.2.0/dist/gitlens.js:1:36794)
    at RegisteredActionRunner.dispose (/home/felps/.vscode/extensions/eamodio.gitlens-14.2.0/dist/gitlens.js:1:35457)
    at Object.dispose (/home/felps/.vscode/extensions/eamodio.gitlens-14.2.0/dist/gitlens.js:1:36891)
    at o (/snap/code/144/usr/share/code/resources/app/out/vs/workbench/api/node/extensionHostProcess.js:30:754)
    at h.cb (/snap/code/144/usr/share/code/resources/app/out/vs/workbench/api/node/extensionHostProcess.js:136:9843)
    at /snap/code/144/usr/share/code/resources/app/out/vs/workbench/api/node/extensionHostProcess.js:136:7793
    at Array.map (<anonymous>)
    at h.Y (/snap/code/144/usr/share/code/resources/app/out/vs/workbench/api/node/extensionHostProcess.js:136:7781)
    at h.terminate (/snap/code/144/usr/share/code/resources/app/out/vs/workbench/api/node/extensionHostProcess.js:136:8051)
    at o.terminate (/snap/code/144/usr/share/code/resources/app/out/vs/workbench/api/node/extensionHostProcess.js:140:1513)
    at a (/snap/code/144/usr/share/code/resources/app/out/vs/workbench/api/node/extensionHostProcess.js:153:9817)
    at MessagePortMain.<anonymous> (/snap/code/144/usr/share/code/resources/app/out/vs/workbench/api/node/extensionHostProcess.js:153:6242)
    at MessagePortMain.emit (node:events:513:28)
    at MessagePortMain.emit (node:domain:489:12)
    at Object.MessagePortMain._internalPort.emit (node:electron/js2c/utility_init:2:367) setContext undefined
2023-11-02 11:02:04.065 [error] Canceled: Canceled
    at new f (/snap/code/144/usr/share/code/resources/app/out/vs/workbench/api/node/extensionHostProcess.js:125:108614)
    at n.U (/snap/code/144/usr/share/code/resources/app/out/vs/workbench/api/node/extensionHostProcess.js:134:10873)
    at Proxy.F.<computed>.z.charCodeAt.F.<computed> (/snap/code/144/usr/share/code/resources/app/out/vs/workbench/api/node/extensionHostProcess.js:134:8315)
    at i.g (/snap/code/144/usr/share/code/resources/app/out/vs/workbench/api/node/extensionHostProcess.js:125:139130)
    at i.executeCommand (/snap/code/144/usr/share/code/resources/app/out/vs/workbench/api/node/extensionHostProcess.js:125:138568)
    at $.registerCommand.description (/snap/code/144/usr/share/code/resources/app/out/vs/workbench/api/node/extensionHostProcess.js:125:137892)
    at i.h (/snap/code/144/usr/share/code/resources/app/out/vs/workbench/api/node/extensionHostProcess.js:125:139669)
    at i.g (/snap/code/144/usr/share/code/resources/app/out/vs/workbench/api/node/extensionHostProcess.js:125:138661)
    at i.executeCommand (/snap/code/144/usr/share/code/resources/app/out/vs/workbench/api/node/extensionHostProcess.js:125:138568)
    at Object.executeCommand (/snap/code/144/usr/share/code/resources/app/out/vs/workbench/api/node/extensionHostProcess.js:140:21329)
    at g (/home/felps/.vscode/extensions/eamodio.gitlens-14.2.0/dist/gitlens.js:1:956181)
    at c (/home/felps/.vscode/extensions/eamodio.gitlens-14.2.0/dist/gitlens.js:1:960809)
    at ActionRunners._updateContextKeys (/home/felps/.vscode/extensions/eamodio.gitlens-14.2.0/dist/gitlens.js:1:38231)
    at s (/home/felps/.vscode/extensions/eamodio.gitlens-14.2.0/dist/gitlens.js:1:36650)
    at RegisteredActionRunner.unregister (/home/felps/.vscode/extensions/eamodio.gitlens-14.2.0/dist/gitlens.js:1:36794)
    at RegisteredActionRunner.dispose (/home/felps/.vscode/extensions/eamodio.gitlens-14.2.0/dist/gitlens.js:1:35457)
    at Object.dispose (/home/felps/.vscode/extensions/eamodio.gitlens-14.2.0/dist/gitlens.js:1:36891)
    at o (/snap/code/144/usr/share/code/resources/app/out/vs/workbench/api/node/extensionHostProcess.js:30:754)
    at h.cb (/snap/code/144/usr/share/code/resources/app/out/vs/workbench/api/node/extensionHostProcess.js:136:9843)
    at /snap/code/144/usr/share/code/resources/app/out/vs/workbench/api/node/extensionHostProcess.js:136:7793
    at Array.map (<anonymous>)
    at h.Y (/snap/code/144/usr/share/code/resources/app/out/vs/workbench/api/node/extensionHostProcess.js:136:7781)
    at h.terminate (/snap/code/144/usr/share/code/resources/app/out/vs/workbench/api/node/extensionHostProcess.js:136:8051)
    at o.terminate (/snap/code/144/usr/share/code/resources/app/out/vs/workbench/api/node/extensionHostProcess.js:140:1513)
    at a (/snap/code/144/usr/share/code/resources/app/out/vs/workbench/api/node/extensionHostProcess.js:153:9817)
    at MessagePortMain.<anonymous> (/snap/code/144/usr/share/code/resources/app/out/vs/workbench/api/node/extensionHostProcess.js:153:6242)
    at MessagePortMain.emit (node:events:513:28)
    at MessagePortMain.emit (node:domain:489:12)
    at Object.MessagePortMain._internalPort.emit (node:electron/js2c/utility_init:2:367) setContext undefined
2023-11-02 11:02:04.065 [error] Canceled: Canceled
    at new f (/snap/code/144/usr/share/code/resources/app/out/vs/workbench/api/node/extensionHostProcess.js:125:108614)
    at n.U (/snap/code/144/usr/share/code/resources/app/out/vs/workbench/api/node/extensionHostProcess.js:134:10873)
    at Proxy.F.<computed>.z.charCodeAt.F.<computed> (/snap/code/144/usr/share/code/resources/app/out/vs/workbench/api/node/extensionHostProcess.js:134:8315)
    at i.g (/snap/code/144/usr/share/code/resources/app/out/vs/workbench/api/node/extensionHostProcess.js:125:139130)
    at i.executeCommand (/snap/code/144/usr/share/code/resources/app/out/vs/workbench/api/node/extensionHostProcess.js:125:138568)
    at $.registerCommand.description (/snap/code/144/usr/share/code/resources/app/out/vs/workbench/api/node/extensionHostProcess.js:125:137892)
    at i.h (/snap/code/144/usr/share/code/resources/app/out/vs/workbench/api/node/extensionHostProcess.js:125:139669)
    at i.g (/snap/code/144/usr/share/code/resources/app/out/vs/workbench/api/node/extensionHostProcess.js:125:138661)
    at i.executeCommand (/snap/code/144/usr/share/code/resources/app/out/vs/workbench/api/node/extensionHostProcess.js:125:138568)
    at Object.executeCommand (/snap/code/144/usr/share/code/resources/app/out/vs/workbench/api/node/extensionHostProcess.js:140:21329)
    at g (/home/felps/.vscode/extensions/eamodio.gitlens-14.2.0/dist/gitlens.js:1:956181)
    at c (/home/felps/.vscode/extensions/eamodio.gitlens-14.2.0/dist/gitlens.js:1:960809)
    at ActionRunners._updateContextKeys (/home/felps/.vscode/extensions/eamodio.gitlens-14.2.0/dist/gitlens.js:1:38231)
    at s (/home/felps/.vscode/extensions/eamodio.gitlens-14.2.0/dist/gitlens.js:1:36650)
    at RegisteredActionRunner.unregister (/home/felps/.vscode/extensions/eamodio.gitlens-14.2.0/dist/gitlens.js:1:36794)
    at RegisteredActionRunner.dispose (/home/felps/.vscode/extensions/eamodio.gitlens-14.2.0/dist/gitlens.js:1:35457)
    at Object.dispose (/home/felps/.vscode/extensions/eamodio.gitlens-14.2.0/dist/gitlens.js:1:36891)
    at o (/snap/code/144/usr/share/code/resources/app/out/vs/workbench/api/node/extensionHostProcess.js:30:754)
    at h.cb (/snap/code/144/usr/share/code/resources/app/out/vs/workbench/api/node/extensionHostProcess.js:136:9843)
    at /snap/code/144/usr/share/code/resources/app/out/vs/workbench/api/node/extensionHostProcess.js:136:7793
    at Array.map (<anonymous>)
    at h.Y (/snap/code/144/usr/share/code/resources/app/out/vs/workbench/api/node/extensionHostProcess.js:136:7781)
    at h.terminate (/snap/code/144/usr/share/code/resources/app/out/vs/workbench/api/node/extensionHostProcess.js:136:8051)
    at o.terminate (/snap/code/144/usr/share/code/resources/app/out/vs/workbench/api/node/extensionHostProcess.js:140:1513)
    at a (/snap/code/144/usr/share/code/resources/app/out/vs/workbench/api/node/extensionHostProcess.js:153:9817)
    at MessagePortMain.<anonymous> (/snap/code/144/usr/share/code/resources/app/out/vs/workbench/api/node/extensionHostProcess.js:153:6242)
    at MessagePortMain.emit (node:events:513:28)
    at MessagePortMain.emit (node:domain:489:12)
    at Object.MessagePortMain._internalPort.emit (node:electron/js2c/utility_init:2:367) setContext undefined
2023-11-02 11:02:04.097 [info] Extension host with pid 51391 exiting with code 0
