2023-11-02 10:47:46.379 [info] Reading sessions from keychain...
2023-11-02 10:47:46.379 [info] Getting sessions for all scopes...
2023-11-02 10:47:46.379 [info] Getting sessions for all scopes...
2023-11-02 10:47:46.379 [info] Getting sessions for user:email...
2023-11-02 10:47:46.384 [info] Got stored sessions!
2023-11-02 10:47:46.384 [info] Got 1 verified sessions.
2023-11-02 10:47:46.384 [info] Got 1 sessions for ...
2023-11-02 10:47:46.384 [info] Got 1 sessions for ...
2023-11-02 10:47:46.384 [info] Got 1 sessions for user:email...
2023-11-02 10:47:59.670 [info] Getting sessions for user:email...
2023-11-02 10:47:59.670 [info] Got 1 sessions for user:email...
2023-11-02 10:47:59.709 [info] Getting sessions for user:email...
2023-11-02 10:47:59.709 [info] Got 1 sessions for user:email...
2023-11-02 10:47:59.712 [info] Getting sessions for all scopes...
2023-11-02 10:47:59.712 [info] Got 1 sessions for ...
2023-11-02 10:48:01.277 [info] Getting sessions for user:email...
2023-11-02 10:48:01.277 [info] Got 1 sessions for user:email...
2023-11-02 10:49:19.647 [info] Getting sessions for user:email...
2023-11-02 10:49:19.647 [info] Got 1 sessions for user:email...
2023-11-02 10:49:21.548 [info] Getting sessions for user:email...
2023-11-02 10:49:21.548 [info] Got 1 sessions for user:email...
2023-11-02 10:49:25.372 [info] Getting sessions for user:email...
2023-11-02 10:49:25.373 [info] Got 1 sessions for user:email...
2023-11-02 10:49:53.033 [info] Getting sessions for read:user,repo,user:email,workflow...
2023-11-02 10:49:53.033 [info] Got 0 sessions for read:user,repo,user:email,workflow...
2023-11-02 11:02:01.576 [info] Getting sessions for all scopes...
2023-11-02 11:02:01.576 [info] Got 1 sessions for ...
