2023-11-02 10:47:28.616 [info] Reading sessions from keychain...
2023-11-02 10:47:28.617 [info] Getting sessions for all scopes...
2023-11-02 10:47:28.617 [info] Getting sessions for all scopes...
2023-11-02 10:47:28.617 [info] Getting sessions for user:email...
2023-11-02 10:47:28.645 [info] Got 0 sessions for ...
2023-11-02 10:47:28.646 [info] Got 0 sessions for ...
2023-11-02 10:47:28.646 [info] Got 0 sessions for user:email...
2023-11-02 10:47:28.730 [info] Getting sessions for all scopes...
2023-11-02 10:47:28.730 [info] Got 0 sessions for ...
2023-11-02 10:47:30.714 [info] Logging in for the following scopes: user:email
2023-11-02 10:47:30.719 [info] Trying without local server... (user:email)
2023-11-02 10:47:37.001 [info] Exchanging code for token...
2023-11-02 10:47:37.471 [info] Token exchange success!
2023-11-02 10:47:37.473 [info] Getting user info...
2023-11-02 10:47:37.917 [info] Got account info!
2023-11-02 10:47:37.919 [info] Storing 1 sessions...
2023-11-02 10:47:37.923 [info] Reading sessions from keychain...
2023-11-02 10:47:37.923 [info] Stored 1 sessions!
2023-11-02 10:47:37.923 [info] Login success!
2023-11-02 10:47:37.931 [info] Got stored sessions!
2023-11-02 10:47:37.931 [info] Got 1 verified sessions.
2023-11-02 10:47:37.931 [info] Getting sessions for user:email...
2023-11-02 10:47:37.932 [info] Got 1 sessions for user:email...
