2023-11-02 10:47:45.851 [info] Added views:workbench.panel.markers.view in workbench.panel.markers
2023-11-02 10:47:45.851 [info] Added views:workbench.panel.output in workbench.panel.output
2023-11-02 10:47:45.851 [info] Added views:terminal in terminal
2023-11-02 10:47:45.851 [info] Added views:outline in workbench.view.explorer
2023-11-02 10:47:45.851 [info] Added views:workbench.scm in workbench.view.scm
2023-11-02 10:47:45.851 [info] Added views:workbench.view.search in workbench.view.search
2023-11-02 10:47:45.851 [info] Added views:timeline in workbench.view.explorer
2023-11-02 10:47:45.851 [info] Added views:workbench.explorer.emptyView in workbench.view.explorer
2023-11-02 10:47:46.142 [info] Added views:workbench.debug.welcome in workbench.view.debug
2023-11-02 10:47:46.220 [info] Added views:~remote.forwardedPorts in ~remote.forwardedPortsContainer
2023-11-02 10:47:46.262 [info] Added views:workbench.panel.repl.view in workbench.views.service.sidebar.e1c802dc-d0e5-4be5-8614-c6cfd6f144a0
2023-11-02 10:49:46.943 [info] Added views:figma.views.login,figma.views.dummyLoginNotifications in workbench.view.extension.figma
2023-11-02 10:49:46.945 [info] Added views:todo-tree-view in workbench.view.extension.todo-tree-container
2023-11-02 10:49:46.947 [info] Added views:dockerContainers,dockerImages,dockerRegistries,dockerNetworks,dockerVolumes,vscode-docker.views.dockerContexts,vscode-docker.views.help in workbench.view.extension.dockerView
2023-11-02 10:49:46.949 [info] Added views:thunder-client-sidebar in workbench.view.extension.thunder-client
2023-11-02 10:49:48.850 [info] Added views:gitlens.views.home,gitlens.views.workspaces,gitlens.views.account in workbench.view.extension.gitlens
2023-11-02 10:49:48.864 [info] Added views:gitlens.views.commitDetails,gitlens.views.lineHistory,gitlens.views.fileHistory,gitlens.views.searchAndCompare in workbench.view.extension.gitlensInspect
2023-11-02 10:49:48.871 [info] Added views:gitlens.views.repositories,gitlens.views.commits,gitlens.views.branches,gitlens.views.remotes,gitlens.views.stashes,gitlens.views.tags in workbench.view.scm
2023-11-02 10:49:48.875 [info] Added views:issuesAndMrs in workbench.view.extension.gitlab-workflow
2023-11-02 10:49:48.876 [info] Added views:mongoDBConnectionExplorer,mongoDBPlaygroundsExplorer,mongoDBHelpExplorer in workbench.view.extension.mongoDB
2023-11-02 10:49:48.877 [info] Added views:targetsContainers,devVolumes in workbench.view.remote
2023-11-02 10:49:48.880 [info] Added views:liveshare.session in workbench.view.extension.liveshare
2023-11-02 10:49:48.894 [info] Added views:servers in workbench.view.explorer
2023-11-02 10:49:48.895 [info] Added views:learn-vim in workbench.view.extension.learn-vim-container
2023-11-02 10:49:51.747 [info] Added views:gitflow.views.main,gitflow.views.feature in workbench.view.extension.gitflow-explorer
2023-11-02 10:49:51.798 [info] Removed views:gitlens.views.searchAndCompare,gitlens.views.fileHistory,gitlens.views.lineHistory,gitlens.views.commitDetails from workbench.view.extension.gitlensInspect
2023-11-02 10:49:51.800 [info] Removed views:gitlens.views.tags,gitlens.views.stashes,gitlens.views.remotes,gitlens.views.branches,gitlens.views.commits,gitlens.views.repositories from workbench.view.scm
